{"/Users/j5ik2o/Sources/event-store-adapter-nodejs/src/internal/default-key-resolver.ts": {"path":"/Users/j5ik2o/Sources/event-store-adapter-nodejs/src/internal/default-key-resolver.ts","statementMap":{"0":{"start":{"line":2,"column":0},"end":{"line":2,"column":49}},"1":{"start":{"line":4,"column":0},"end":{"line":4,"column":null}},"2":{"start":{"line":5,"column":10},"end":{"line":5,"column":48}},"3":{"start":{"line":6,"column":10},"end":{"line":18,"column":null}},"4":{"start":{"line":7,"column":4},"end":{"line":9,"column":null}},"5":{"start":{"line":8,"column":6},"end":{"line":8,"column":58}},"6":{"start":{"line":11,"column":15},"end":{"line":11,"column":16}},"7":{"start":{"line":12,"column":4},"end":{"line":16,"column":null}},"8":{"start":{"line":12,"column":17},"end":{"line":12,"column":18}},"9":{"start":{"line":13,"column":19},"end":{"line":13,"column":36}},"10":{"start":{"line":14,"column":6},"end":{"line":14,"column":39}},"11":{"start":{"line":15,"column":6},"end":{"line":15,"column":25}},"12":{"start":{"line":17,"column":4},"end":{"line":17,"column":22}},"13":{"start":{"line":20,"column":2},"end":{"line":27,"column":null}},"14":{"start":{"line":21,"column":4},"end":{"line":23,"column":null}},"15":{"start":{"line":22,"column":6},"end":{"line":22,"column":74}},"16":{"start":{"line":24,"column":17},"end":{"line":24,"column":54}},"17":{"start":{"line":25,"column":22},"end":{"line":25,"column":39}},"18":{"start":{"line":26,"column":4},"end":{"line":26,"column":50}},"19":{"start":{"line":29,"column":2},"end":{"line":31,"column":null}},"20":{"start":{"line":30,"column":4},"end":{"line":30,"column":76}},"21":{"start":{"line":32,"column":0},"end":{"line":32,"column":null}},"22":{"start":{"line":34,"column":9},"end":{"line":34,"column":27}}},"fnMap":{"0":{"name":"(anonymous_0)","decl":{"start":{"line":4,"column":0},"end":{"line":4,"column":null}},"loc":{"start":{"line":4,"column":0},"end":{"line":32,"column":null}}},"1":{"name":"(anonymous_2)","decl":{"start":{"line":6,"column":2},"end":{"line":6,"column":10}},"loc":{"start":{"line":6,"column":32},"end":{"line":18,"column":3}}},"2":{"name":"(anonymous_3)","decl":{"start":{"line":20,"column":2},"end":{"line":20,"column":21}},"loc":{"start":{"line":20,"column":58},"end":{"line":27,"column":3}}},"3":{"name":"(anonymous_4)","decl":{"start":{"line":29,"column":2},"end":{"line":29,"column":16}},"loc":{"start":{"line":29,"column":57},"end":{"line":31,"column":3}}}},"branchMap":{"0":{"loc":{"start":{"line":7,"column":4},"end":{"line":9,"column":null}},"type":"if","locations":[{"start":{"line":7,"column":4},"end":{"line":9,"column":null}}]},"1":{"loc":{"start":{"line":7,"column":8},"end":{"line":7,"column":41}},"type":"binary-expr","locations":[{"start":{"line":7,"column":8},"end":{"line":7,"column":25}},{"start":{"line":7,"column":29},"end":{"line":7,"column":41}}]},"2":{"loc":{"start":{"line":21,"column":4},"end":{"line":23,"column":null}},"type":"if","locations":[{"start":{"line":21,"column":4},"end":{"line":23,"column":null}}]},"3":{"loc":{"start":{"line":21,"column":8},"end":{"line":21,"column":57}},"type":"binary-expr","locations":[{"start":{"line":21,"column":8},"end":{"line":21,"column":33}},{"start":{"line":21,"column":37},"end":{"line":21,"column":57}}]}},"s":{"0":1,"1":1,"2":0,"3":1,"4":0,"5":0,"6":0,"7":0,"8":0,"9":0,"10":0,"11":0,"12":0,"13":1,"14":0,"15":0,"16":0,"17":0,"18":0,"19":1,"20":0,"21":1,"22":1},"f":{"0":1,"1":0,"2":0,"3":0},"b":{"0":[0],"1":[0,0],"2":[0],"3":[0,0]}}
,"/Users/j5ik2o/Sources/event-store-adapter-nodejs/src/internal/default-serializer.ts": {"path":"/Users/j5ik2o/Sources/event-store-adapter-nodejs/src/internal/default-serializer.ts","statementMap":{"0":{"start":{"line":9,"column":0},"end":{"line":9,"column":null}},"1":{"start":{"line":12,"column":10},"end":{"line":12,"column":38}},"2":{"start":{"line":13,"column":10},"end":{"line":13,"column":38}},"3":{"start":{"line":15,"column":2},"end":{"line":18,"column":null}},"4":{"start":{"line":16,"column":23},"end":{"line":16,"column":49}},"5":{"start":{"line":17,"column":4},"end":{"line":17,"column":33}},"6":{"start":{"line":20,"column":2},"end":{"line":26,"column":null}},"7":{"start":{"line":21,"column":23},"end":{"line":24,"column":6}},"8":{"start":{"line":25,"column":4},"end":{"line":25,"column":43}},"9":{"start":{"line":27,"column":0},"end":{"line":27,"column":null}},"10":{"start":{"line":48,"column":9},"end":{"line":48,"column":28}},"11":{"start":{"line":29,"column":0},"end":{"line":29,"column":null}},"12":{"start":{"line":32,"column":10},"end":{"line":32,"column":38}},"13":{"start":{"line":33,"column":10},"end":{"line":33,"column":38}},"14":{"start":{"line":34,"column":2},"end":{"line":37,"column":null}},"15":{"start":{"line":35,"column":23},"end":{"line":35,"column":49}},"16":{"start":{"line":36,"column":4},"end":{"line":36,"column":33}},"17":{"start":{"line":39,"column":2},"end":{"line":45,"column":null}},"18":{"start":{"line":40,"column":23},"end":{"line":43,"column":6}},"19":{"start":{"line":44,"column":4},"end":{"line":44,"column":43}},"20":{"start":{"line":46,"column":0},"end":{"line":46,"column":null}},"21":{"start":{"line":48,"column":30},"end":{"line":48,"column":52}}},"fnMap":{"0":{"name":"(anonymous_0)","decl":{"start":{"line":9,"column":0},"end":{"line":9,"column":null}},"loc":{"start":{"line":9,"column":0},"end":{"line":27,"column":null}}},"1":{"name":"(anonymous_2)","decl":{"start":{"line":15,"column":2},"end":{"line":15,"column":13}},"loc":{"start":{"line":15,"column":63},"end":{"line":18,"column":3}}},"2":{"name":"(anonymous_3)","decl":{"start":{"line":20,"column":2},"end":{"line":20,"column":11}},"loc":{"start":{"line":20,"column":20},"end":{"line":26,"column":3}}},"3":{"name":"(anonymous_4)","decl":{"start":{"line":29,"column":0},"end":{"line":29,"column":null}},"loc":{"start":{"line":29,"column":0},"end":{"line":46,"column":null}}},"4":{"name":"(anonymous_6)","decl":{"start":{"line":34,"column":2},"end":{"line":34,"column":13}},"loc":{"start":{"line":34,"column":63},"end":{"line":37,"column":3}}},"5":{"name":"(anonymous_7)","decl":{"start":{"line":39,"column":2},"end":{"line":39,"column":11}},"loc":{"start":{"line":39,"column":24},"end":{"line":45,"column":3}}}},"branchMap":{},"s":{"0":1,"1":0,"2":0,"3":1,"4":0,"5":0,"6":1,"7":0,"8":0,"9":1,"10":1,"11":1,"12":0,"13":0,"14":1,"15":0,"16":0,"17":1,"18":0,"19":0,"20":1,"21":1},"f":{"0":1,"1":0,"2":0,"3":1,"4":0,"5":0},"b":{}}
,"/Users/j5ik2o/Sources/event-store-adapter-nodejs/src/internal/event-store-for-dynamodb.ts": {"path":"/Users/j5ik2o/Sources/event-store-adapter-nodejs/src/internal/event-store-for-dynamodb.ts","statementMap":{"0":{"start":{"line":10,"column":0},"end":{"line":10,"column":null}},"1":{"start":{"line":20,"column":0},"end":{"line":20,"column":60}},"2":{"start":{"line":21,"column":0},"end":{"line":21,"column":null}},"3":{"start":{"line":25,"column":0},"end":{"line":25,"column":49}},"4":{"start":{"line":28,"column":0},"end":{"line":28,"column":null}},"5":{"start":{"line":42,"column":12},"end":{"line":42,"column":null}},"6":{"start":{"line":43,"column":12},"end":{"line":43,"column":null}},"7":{"start":{"line":44,"column":12},"end":{"line":44,"column":null}},"8":{"start":{"line":45,"column":12},"end":{"line":48,"column":null}},"9":{"start":{"line":49,"column":12},"end":{"line":52,"column":null}},"10":{"start":{"line":36,"column":12},"end":{"line":36,"column":42}},"11":{"start":{"line":37,"column":12},"end":{"line":37,"column":36}},"12":{"start":{"line":38,"column":12},"end":{"line":38,"column":37}},"13":{"start":{"line":39,"column":12},"end":{"line":39,"column":39}},"14":{"start":{"line":40,"column":12},"end":{"line":40,"column":40}},"15":{"start":{"line":41,"column":12},"end":{"line":41,"column":30}},"16":{"start":{"line":42,"column":12},"end":{"line":42,"column":61}},"17":{"start":{"line":43,"column":12},"end":{"line":43,"column":62}},"18":{"start":{"line":44,"column":12},"end":{"line":44,"column":48}},"19":{"start":{"line":45,"column":12},"end":{"line":45,"column":59}},"20":{"start":{"line":49,"column":12},"end":{"line":49,"column":null}},"21":{"start":{"line":54,"column":4},"end":{"line":56,"column":6}},"22":{"start":{"line":59,"column":8},"end":{"line":91,"column":null}},"23":{"start":{"line":64,"column":10},"end":{"line":76,"column":6}},"24":{"start":{"line":77,"column":19},"end":{"line":77,"column":null}},"25":{"start":{"line":77,"column":10},"end":{"line":77,"column":null}},"26":{"start":{"line":78,"column":4},"end":{"line":90,"column":null}},"27":{"start":{"line":79,"column":6},"end":{"line":79,"column":33}},"28":{"start":{"line":81,"column":6},"end":{"line":89,"column":8}},"29":{"start":{"line":83,"column":26},"end":{"line":83,"column":40}},"30":{"start":{"line":84,"column":10},"end":{"line":86,"column":null}},"31":{"start":{"line":85,"column":12},"end":{"line":85,"column":52}},"32":{"start":{"line":87,"column":10},"end":{"line":87,"column":70}},"33":{"start":{"line":93,"column":8},"end":{"line":130,"column":null}},"34":{"start":{"line":97,"column":10},"end":{"line":110,"column":6}},"35":{"start":{"line":111,"column":24},"end":{"line":113,"column":null}},"36":{"start":{"line":111,"column":10},"end":{"line":113,"column":null}},"37":{"start":{"line":114,"column":4},"end":{"line":129,"column":null}},"38":{"start":{"line":115,"column":6},"end":{"line":115,"column":23}},"39":{"start":{"line":117,"column":12},"end":{"line":117,"column":40}},"40":{"start":{"line":118,"column":12},"end":{"line":118,"column":37}},"41":{"start":{"line":119,"column":6},"end":{"line":121,"column":null}},"42":{"start":{"line":120,"column":8},"end":{"line":120,"column":48}},"43":{"start":{"line":122,"column":12},"end":{"line":122,"column":37}},"44":{"start":{"line":123,"column":6},"end":{"line":125,"column":null}},"45":{"start":{"line":124,"column":8},"end":{"line":124,"column":48}},"46":{"start":{"line":126,"column":12},"end":{"line":126,"column":77}},"47":{"start":{"line":127,"column":6},"end":{"line":127,"column":77}},"48":{"start":{"line":128,"column":6},"end":{"line":128,"column":39}},"49":{"start":{"line":132,"column":8},"end":{"line":143,"column":null}},"50":{"start":{"line":133,"column":4},"end":{"line":135,"column":6}},"51":{"start":{"line":136,"column":4},"end":{"line":138,"column":null}},"52":{"start":{"line":137,"column":6},"end":{"line":137,"column":54}},"53":{"start":{"line":139,"column":4},"end":{"line":139,"column":68}},"54":{"start":{"line":140,"column":4},"end":{"line":142,"column":6}},"55":{"start":{"line":145,"column":8},"end":{"line":171,"column":null}},"56":{"start":{"line":146,"column":4},"end":{"line":150,"column":6}},"57":{"start":{"line":151,"column":8},"end":{"line":151,"column":13}},"58":{"start":{"line":152,"column":6},"end":{"line":152,"column":58}},"59":{"start":{"line":153,"column":6},"end":{"line":157,"column":8}},"60":{"start":{"line":159,"column":6},"end":{"line":159,"column":53}},"61":{"start":{"line":160,"column":6},"end":{"line":164,"column":8}},"62":{"start":{"line":165,"column":6},"end":{"line":169,"column":8}},"63":{"start":{"line":173,"column":2},"end":{"line":187,"column":null}},"64":{"start":{"line":174,"column":4},"end":{"line":186,"column":6}},"65":{"start":{"line":189,"column":2},"end":{"line":205,"column":null}},"66":{"start":{"line":192,"column":4},"end":{"line":204,"column":6}},"67":{"start":{"line":207,"column":2},"end":{"line":221,"column":null}},"68":{"start":{"line":208,"column":4},"end":{"line":220,"column":6}},"69":{"start":{"line":223,"column":2},"end":{"line":237,"column":null}},"70":{"start":{"line":224,"column":4},"end":{"line":236,"column":6}},"71":{"start":{"line":239,"column":2},"end":{"line":255,"column":null}},"72":{"start":{"line":242,"column":4},"end":{"line":254,"column":6}},"73":{"start":{"line":257,"column":16},"end":{"line":272,"column":null}},"74":{"start":{"line":258,"column":10},"end":{"line":258,"column":62}},"75":{"start":{"line":259,"column":10},"end":{"line":259,"column":46}},"76":{"start":{"line":260,"column":10},"end":{"line":267,"column":6}},"77":{"start":{"line":268,"column":10},"end":{"line":270,"column":6}},"78":{"start":{"line":271,"column":4},"end":{"line":271,"column":73}},"79":{"start":{"line":274,"column":16},"end":{"line":293,"column":null}},"80":{"start":{"line":279,"column":10},"end":{"line":279,"column":69}},"81":{"start":{"line":280,"column":10},"end":{"line":280,"column":39}},"82":{"start":{"line":281,"column":10},"end":{"line":288,"column":6}},"83":{"start":{"line":289,"column":10},"end":{"line":291,"column":6}},"84":{"start":{"line":292,"column":4},"end":{"line":292,"column":73}},"85":{"start":{"line":295,"column":10},"end":{"line":318,"column":null}},"86":{"start":{"line":296,"column":17},"end":{"line":298,"column":null}},"87":{"start":{"line":300,"column":17},"end":{"line":302,"column":null}},"88":{"start":{"line":304,"column":20},"end":{"line":304,"column":57}},"89":{"start":{"line":305,"column":4},"end":{"line":317,"column":6}},"90":{"start":{"line":320,"column":10},"end":{"line":347,"column":null}},"91":{"start":{"line":321,"column":17},"end":{"line":323,"column":null}},"92":{"start":{"line":325,"column":17},"end":{"line":327,"column":null}},"93":{"start":{"line":329,"column":20},"end":{"line":329,"column":64}},"94":{"start":{"line":330,"column":4},"end":{"line":346,"column":6}},"95":{"start":{"line":349,"column":10},"end":{"line":413,"column":null}},"96":{"start":{"line":355,"column":17},"end":{"line":357,"column":null}},"97":{"start":{"line":359,"column":17},"end":{"line":361,"column":null}},"98":{"start":{"line":363,"column":17},"end":{"line":366,"column":6}},"99":{"start":{"line":367,"column":18},"end":{"line":370,"column":6}},"100":{"start":{"line":371,"column":19},"end":{"line":377,"column":6}},"101":{"start":{"line":379,"column":4},"end":{"line":412,"column":null}},"102":{"start":{"line":380,"column":29},"end":{"line":388,"column":8}},"103":{"start":{"line":389,"column":6},"end":{"line":389,"column":78}},"104":{"start":{"line":390,"column":6},"end":{"line":390,"column":20}},"105":{"start":{"line":392,"column":22},"end":{"line":392,"column":66}},"106":{"start":{"line":393,"column":29},"end":{"line":409,"column":8}},"107":{"start":{"line":410,"column":6},"end":{"line":410,"column":78}},"108":{"start":{"line":411,"column":6},"end":{"line":411,"column":20}},"109":{"start":{"line":414,"column":0},"end":{"line":414,"column":null}},"110":{"start":{"line":416,"column":9},"end":{"line":416,"column":30}}},"fnMap":{"0":{"name":"(anonymous_15)","decl":{"start":{"line":28,"column":0},"end":{"line":28,"column":null}},"loc":{"start":{"line":28,"column":0},"end":{"line":414,"column":null}}},"1":{"name":"EventStoreForDynamoDB","decl":{"start":{"line":35,"column":2},"end":{"line":35,"column":null}},"loc":{"start":{"line":52,"column":44},"end":{"line":57,"column":3}}},"2":{"name":"(anonymous_17)","decl":{"start":{"line":59,"column":2},"end":{"line":59,"column":8}},"loc":{"start":{"line":62,"column":34},"end":{"line":91,"column":null}}},"3":{"name":"(anonymous_20)","decl":{"start":{"line":82,"column":25},"end":{"line":82,"column":26}},"loc":{"start":{"line":82,"column":30},"end":{"line":88,"column":9}}},"4":{"name":"(anonymous_21)","decl":{"start":{"line":93,"column":2},"end":{"line":93,"column":8}},"loc":{"start":{"line":95,"column":34},"end":{"line":130,"column":null}}},"5":{"name":"(anonymous_24)","decl":{"start":{"line":132,"column":2},"end":{"line":132,"column":8}},"loc":{"start":{"line":132,"column":46},"end":{"line":143,"column":null}}},"6":{"name":"(anonymous_27)","decl":{"start":{"line":145,"column":2},"end":{"line":145,"column":8}},"loc":{"start":{"line":145,"column":54},"end":{"line":171,"column":null}}},"7":{"name":"(anonymous_30)","decl":{"start":{"line":173,"column":2},"end":{"line":173,"column":15}},"loc":{"start":{"line":173,"column":42},"end":{"line":187,"column":3}}},"8":{"name":"(anonymous_31)","decl":{"start":{"line":189,"column":2},"end":{"line":189,"column":21}},"loc":{"start":{"line":190,"column":44},"end":{"line":205,"column":3}}},"9":{"name":"(anonymous_32)","decl":{"start":{"line":207,"column":2},"end":{"line":207,"column":23}},"loc":{"start":{"line":207,"column":49},"end":{"line":221,"column":3}}},"10":{"name":"(anonymous_33)","decl":{"start":{"line":223,"column":2},"end":{"line":223,"column":17}},"loc":{"start":{"line":223,"column":47},"end":{"line":237,"column":3}}},"11":{"name":"(anonymous_34)","decl":{"start":{"line":239,"column":2},"end":{"line":239,"column":24}},"loc":{"start":{"line":240,"column":50},"end":{"line":255,"column":3}}},"12":{"name":"(anonymous_35)","decl":{"start":{"line":257,"column":2},"end":{"line":257,"column":16}},"loc":{"start":{"line":257,"column":61},"end":{"line":272,"column":null}}},"13":{"name":"(anonymous_38)","decl":{"start":{"line":274,"column":2},"end":{"line":274,"column":16}},"loc":{"start":{"line":277,"column":28},"end":{"line":293,"column":null}}},"14":{"name":"(anonymous_41)","decl":{"start":{"line":295,"column":2},"end":{"line":295,"column":10}},"loc":{"start":{"line":295,"column":29},"end":{"line":318,"column":3}}},"15":{"name":"(anonymous_42)","decl":{"start":{"line":320,"column":2},"end":{"line":320,"column":10}},"loc":{"start":{"line":320,"column":68},"end":{"line":347,"column":3}}},"16":{"name":"(anonymous_43)","decl":{"start":{"line":349,"column":2},"end":{"line":349,"column":10}},"loc":{"start":{"line":353,"column":28},"end":{"line":413,"column":3}}}},"branchMap":{"0":{"loc":{"start":{"line":42,"column":12},"end":{"line":42,"column":null}},"type":"if","locations":[{"start":{"line":42,"column":12},"end":{"line":42,"column":null}}]},"1":{"loc":{"start":{"line":43,"column":12},"end":{"line":43,"column":null}},"type":"if","locations":[{"start":{"line":43,"column":12},"end":{"line":43,"column":null}}]},"2":{"loc":{"start":{"line":44,"column":12},"end":{"line":44,"column":null}},"type":"if","locations":[{"start":{"line":44,"column":12},"end":{"line":44,"column":null}}]},"3":{"loc":{"start":{"line":45,"column":12},"end":{"line":48,"column":null}},"type":"if","locations":[{"start":{"line":45,"column":12},"end":{"line":48,"column":null}}]},"4":{"loc":{"start":{"line":49,"column":12},"end":{"line":52,"column":null}},"type":"if","locations":[{"start":{"line":49,"column":12},"end":{"line":52,"column":null}}]},"5":{"loc":{"start":{"line":55,"column":6},"end":{"line":55,"column":32}},"type":"cond-expr","locations":[{"start":{"line":55,"column":23},"end":{"line":55,"column":27}},{"start":{"line":55,"column":27},"end":{"line":55,"column":32}}]},"6":{"loc":{"start":{"line":55,"column":6},"end":{"line":55,"column":27}},"type":"binary-expr","locations":[{"start":{"line":55,"column":6},"end":{"line":55,"column":27}},{"start":{"line":55,"column":23},"end":{"line":55,"column":27}}]},"7":{"loc":{"start":{"line":78,"column":4},"end":{"line":90,"column":null}},"type":"if","locations":[{"start":{"line":78,"column":4},"end":{"line":90,"column":null}},{"start":{"line":80,"column":11},"end":{"line":90,"column":null}}]},"8":{"loc":{"start":{"line":84,"column":10},"end":{"line":86,"column":null}},"type":"if","locations":[{"start":{"line":84,"column":10},"end":{"line":86,"column":null}}]},"9":{"loc":{"start":{"line":114,"column":4},"end":{"line":129,"column":null}},"type":"if","locations":[{"start":{"line":114,"column":4},"end":{"line":129,"column":null}},{"start":{"line":116,"column":11},"end":{"line":129,"column":null}}]},"10":{"loc":{"start":{"line":114,"column":8},"end":{"line":114,"column":73}},"type":"binary-expr","locations":[{"start":{"line":114,"column":8},"end":{"line":114,"column":39}},{"start":{"line":114,"column":43},"end":{"line":114,"column":73}}]},"11":{"loc":{"start":{"line":119,"column":6},"end":{"line":121,"column":null}},"type":"if","locations":[{"start":{"line":119,"column":6},"end":{"line":121,"column":null}}]},"12":{"loc":{"start":{"line":123,"column":6},"end":{"line":125,"column":null}},"type":"if","locations":[{"start":{"line":123,"column":6},"end":{"line":125,"column":null}}]},"13":{"loc":{"start":{"line":136,"column":4},"end":{"line":138,"column":null}},"type":"if","locations":[{"start":{"line":136,"column":4},"end":{"line":138,"column":null}}]},"14":{"loc":{"start":{"line":151,"column":8},"end":{"line":151,"column":13}},"type":"if","locations":[{"start":{"line":151,"column":8},"end":{"line":151,"column":13}}]},"15":{"loc":{"start":{"line":379,"column":4},"end":{"line":412,"column":null}},"type":"if","locations":[{"start":{"line":379,"column":4},"end":{"line":412,"column":null}},{"start":{"line":391,"column":11},"end":{"line":412,"column":null}}]}},"s":{"0":1,"1":1,"2":1,"3":1,"4":1,"5":0,"6":0,"7":0,"8":0,"9":0,"10":0,"11":0,"12":0,"13":0,"14":0,"15":0,"16":0,"17":0,"18":0,"19":0,"20":0,"21":0,"22":1,"23":0,"24":0,"25":0,"26":0,"27":0,"28":0,"29":0,"30":0,"31":0,"32":0,"33":1,"34":0,"35":0,"36":0,"37":0,"38":0,"39":0,"40":0,"41":0,"42":0,"43":0,"44":0,"45":0,"46":0,"47":0,"48":0,"49":1,"50":0,"51":0,"52":0,"53":0,"54":0,"55":1,"56":0,"57":0,"58":0,"59":0,"60":0,"61":0,"62":0,"63":1,"64":0,"65":1,"66":0,"67":1,"68":0,"69":1,"70":0,"71":1,"72":0,"73":1,"74":0,"75":0,"76":0,"77":0,"78":0,"79":1,"80":0,"81":0,"82":0,"83":0,"84":0,"85":1,"86":0,"87":0,"88":0,"89":0,"90":1,"91":0,"92":0,"93":0,"94":0,"95":1,"96":0,"97":0,"98":0,"99":0,"100":0,"101":0,"102":0,"103":0,"104":0,"105":0,"106":0,"107":0,"108":0,"109":1,"110":1},"f":{"0":1,"1":0,"2":0,"3":0,"4":0,"5":0,"6":0,"7":0,"8":0,"9":0,"10":0,"11":0,"12":0,"13":0,"14":0,"15":0,"16":0},"b":{"0":[0],"1":[0],"2":[0],"3":[0],"4":[0],"5":[0,0],"6":[0,0],"7":[0,0],"8":[0],"9":[0,0],"10":[0,0],"11":[0],"12":[0],"13":[0],"14":[0],"15":[0,0]}}
,"/Users/j5ik2o/Sources/event-store-adapter-nodejs/src/internal/logger-factory.ts": {"path":"/Users/j5ik2o/Sources/event-store-adapter-nodejs/src/internal/logger-factory.ts","statementMap":{"0":{"start":{"line":1,"column":0},"end":{"line":1,"column":35}},"1":{"start":{"line":3,"column":0},"end":{"line":3,"column":13}},"2":{"start":{"line":4,"column":16},"end":{"line":30,"column":null}},"3":{"start":{"line":4,"column":29},"end":{"line":4,"column":null}},"4":{"start":{"line":5,"column":19},"end":{"line":18,"column":6}},"5":{"start":{"line":20,"column":4},"end":{"line":28,"column":null}},"6":{"start":{"line":22,"column":6},"end":{"line":22,"column":21}},"7":{"start":{"line":23,"column":6},"end":{"line":27,"column":8}},"8":{"start":{"line":29,"column":4},"end":{"line":29,"column":18}},"9":{"start":{"line":31,"column":0},"end":{"line":31,"column":null}},"10":{"start":{"line":3,"column":13},"end":{"line":3,"column":26}}},"fnMap":{"0":{"name":"(anonymous_0)","decl":{"start":{"line":3,"column":0},"end":{"line":3,"column":13}},"loc":{"start":{"line":3,"column":0},"end":{"line":31,"column":null}}},"1":{"name":"(anonymous_2)","decl":{"start":{"line":4,"column":2},"end":{"line":4,"column":16}},"loc":{"start":{"line":4,"column":50},"end":{"line":30,"column":3}}}},"branchMap":{"0":{"loc":{"start":{"line":4,"column":29},"end":{"line":4,"column":null}},"type":"if","locations":[{"start":{"line":4,"column":29},"end":{"line":4,"column":null}}]},"1":{"loc":{"start":{"line":20,"column":4},"end":{"line":28,"column":null}},"type":"if","locations":[{"start":{"line":20,"column":4},"end":{"line":28,"column":null}}]}},"s":{"0":1,"1":1,"2":1,"3":0,"4":0,"5":0,"6":0,"7":0,"8":0,"9":1,"10":1},"f":{"0":1,"1":0},"b":{"0":[0],"1":[0]}}
,"/Users/j5ik2o/Sources/event-store-adapter-nodejs/src/internal/test/dynamodb-utils.ts": {"path":"/Users/j5ik2o/Sources/event-store-adapter-nodejs/src/internal/test/dynamodb-utils.ts","statementMap":{"0":{"start":{"line":1,"column":0},"end":{"line":1,"column":null}},"1":{"start":{"line":9,"column":15},"end":{"line":9,"column":51}},"2":{"start":{"line":10,"column":2},"end":{"line":10,"column":32}},"3":{"start":{"line":12,"column":41},"end":{"line":20,"column":4}},"4":{"start":{"line":21,"column":2},"end":{"line":21,"column":24}},"5":{"start":{"line":156,"column":9},"end":{"line":156,"column":29}},"6":{"start":{"line":29,"column":8},"end":{"line":85,"column":4}},"7":{"start":{"line":87,"column":2},"end":{"line":87,"column":61}},"8":{"start":{"line":156,"column":31},"end":{"line":156,"column":49}},"9":{"start":{"line":95,"column":8},"end":{"line":151,"column":4}},"10":{"start":{"line":153,"column":2},"end":{"line":153,"column":61}},"11":{"start":{"line":156,"column":51},"end":{"line":156,"column":70}}},"fnMap":{"0":{"name":"createDynamoDBClient","decl":{"start":{"line":8,"column":9},"end":{"line":8,"column":29}},"loc":{"start":{"line":8,"column":68},"end":{"line":22,"column":1}}},"1":{"name":"createJournalTable","decl":{"start":{"line":24,"column":15},"end":{"line":24,"column":33}},"loc":{"start":{"line":27,"column":19},"end":{"line":88,"column":null}}},"2":{"name":"createSnapshotTable","decl":{"start":{"line":90,"column":15},"end":{"line":90,"column":34}},"loc":{"start":{"line":93,"column":19},"end":{"line":154,"column":null}}}},"branchMap":{},"s":{"0":1,"1":0,"2":0,"3":0,"4":0,"5":1,"6":0,"7":0,"8":1,"9":0,"10":0,"11":1},"f":{"0":0,"1":0,"2":0},"b":{}}
,"/Users/j5ik2o/Sources/event-store-adapter-nodejs/src/internal/test/user-account-event.ts": {"path":"/Users/j5ik2o/Sources/event-store-adapter-nodejs/src/internal/test/user-account-event.ts","statementMap":{"0":{"start":{"line":2,"column":0},"end":{"line":2,"column":78}},"1":{"start":{"line":7,"column":14},"end":{"line":7,"column":36}},"2":{"start":{"line":8,"column":2},"end":{"line":8,"column":47}},"3":{"start":{"line":9,"column":22},"end":{"line":10,"column":null}},"4":{"start":{"line":12,"column":2},"end":{"line":31,"column":null}},"5":{"start":{"line":14,"column":6},"end":{"line":20,"column":8}},"6":{"start":{"line":22,"column":6},"end":{"line":28,"column":8}},"7":{"start":{"line":30,"column":6},"end":{"line":30,"column":51}},"8":{"start":{"line":61,"column":2},"end":{"line":61,"column":31}},"9":{"start":{"line":34,"column":0},"end":{"line":34,"column":null}},"10":{"start":{"line":38,"column":20},"end":{"line":38,"column":30}},"11":{"start":{"line":39,"column":20},"end":{"line":39,"column":46}},"12":{"start":{"line":40,"column":20},"end":{"line":40,"column":32}},"13":{"start":{"line":41,"column":20},"end":{"line":41,"column":42}},"14":{"start":{"line":42,"column":20},"end":{"line":42,"column":36}},"15":{"start":{"line":35,"column":18},"end":{"line":35,"column":44}},"16":{"start":{"line":44,"column":0},"end":{"line":44,"column":null}},"17":{"start":{"line":59,"column":2},"end":{"line":59,"column":20}},"18":{"start":{"line":46,"column":0},"end":{"line":46,"column":null}},"19":{"start":{"line":49,"column":20},"end":{"line":49,"column":30}},"20":{"start":{"line":50,"column":20},"end":{"line":50,"column":46}},"21":{"start":{"line":51,"column":20},"end":{"line":51,"column":32}},"22":{"start":{"line":52,"column":20},"end":{"line":52,"column":42}},"23":{"start":{"line":53,"column":20},"end":{"line":53,"column":36}},"24":{"start":{"line":47,"column":18},"end":{"line":47,"column":45}},"25":{"start":{"line":55,"column":0},"end":{"line":55,"column":null}},"26":{"start":{"line":60,"column":2},"end":{"line":60,"column":20}}},"fnMap":{"0":{"name":"convertJSONtoUserAccountEvent","decl":{"start":{"line":6,"column":9},"end":{"line":6,"column":38}},"loc":{"start":{"line":6,"column":57},"end":{"line":32,"column":1}}},"1":{"name":"(anonymous_1)","decl":{"start":{"line":34,"column":0},"end":{"line":34,"column":null}},"loc":{"start":{"line":34,"column":0},"end":{"line":44,"column":null}}},"2":{"name":"UserAccountCreated","decl":{"start":{"line":37,"column":2},"end":{"line":37,"column":null}},"loc":{"start":{"line":42,"column":36},"end":{"line":43,"column":6}}},"3":{"name":"(anonymous_3)","decl":{"start":{"line":46,"column":0},"end":{"line":46,"column":null}},"loc":{"start":{"line":46,"column":0},"end":{"line":55,"column":null}}},"4":{"name":"UserAccountRenamed","decl":{"start":{"line":48,"column":2},"end":{"line":48,"column":null}},"loc":{"start":{"line":53,"column":36},"end":{"line":54,"column":6}}}},"branchMap":{"0":{"loc":{"start":{"line":12,"column":2},"end":{"line":31,"column":null}},"type":"switch","locations":[{"start":{"line":13,"column":4},"end":{"line":20,"column":8}},{"start":{"line":21,"column":4},"end":{"line":28,"column":8}},{"start":{"line":29,"column":4},"end":{"line":30,"column":51}}]}},"s":{"0":1,"1":0,"2":0,"3":0,"4":0,"5":0,"6":0,"7":0,"8":1,"9":1,"10":0,"11":0,"12":0,"13":0,"14":0,"15":0,"16":1,"17":1,"18":1,"19":0,"20":0,"21":0,"22":0,"23":0,"24":0,"25":1,"26":1},"f":{"0":0,"1":1,"2":0,"3":1,"4":0},"b":{"0":[0,0,0]}}
,"/Users/j5ik2o/Sources/event-store-adapter-nodejs/src/internal/test/user-account-id.ts": {"path":"/Users/j5ik2o/Sources/event-store-adapter-nodejs/src/internal/test/user-account-id.ts","statementMap":{"0":{"start":{"line":3,"column":0},"end":{"line":3,"column":null}},"1":{"start":{"line":5,"column":30},"end":{"line":5,"column":43}},"2":{"start":{"line":4,"column":18},"end":{"line":4,"column":44}},"3":{"start":{"line":7,"column":2},"end":{"line":9,"column":null}},"4":{"start":{"line":8,"column":4},"end":{"line":8,"column":44}},"5":{"start":{"line":10,"column":0},"end":{"line":10,"column":null}},"6":{"start":{"line":17,"column":9},"end":{"line":17,"column":22}},"7":{"start":{"line":13,"column":14},"end":{"line":13,"column":36}},"8":{"start":{"line":14,"column":2},"end":{"line":14,"column":38}},"9":{"start":{"line":17,"column":24},"end":{"line":17,"column":50}}},"fnMap":{"0":{"name":"(anonymous_0)","decl":{"start":{"line":3,"column":0},"end":{"line":3,"column":null}},"loc":{"start":{"line":3,"column":0},"end":{"line":10,"column":null}}},"1":{"name":"UserAccountId","decl":{"start":{"line":5,"column":2},"end":{"line":5,"column":30}},"loc":{"start":{"line":5,"column":43},"end":{"line":5,"column":47}}},"2":{"name":"(anonymous_2)","decl":{"start":{"line":7,"column":2},"end":{"line":7,"column":6}},"loc":{"start":{"line":7,"column":2},"end":{"line":9,"column":3}}},"3":{"name":"convertJSONToUserAccountId","decl":{"start":{"line":12,"column":9},"end":{"line":12,"column":35}},"loc":{"start":{"line":12,"column":54},"end":{"line":15,"column":1}}}},"branchMap":{},"s":{"0":1,"1":0,"2":0,"3":1,"4":0,"5":1,"6":1,"7":0,"8":0,"9":1},"f":{"0":1,"1":0,"2":0,"3":0},"b":{}}
,"/Users/j5ik2o/Sources/event-store-adapter-nodejs/src/internal/test/user-account.ts": {"path":"/Users/j5ik2o/Sources/event-store-adapter-nodejs/src/internal/test/user-account.ts","statementMap":{"0":{"start":{"line":2,"column":0},"end":{"line":2,"column":28}},"1":{"start":{"line":3,"column":0},"end":{"line":3,"column":78}},"2":{"start":{"line":4,"column":0},"end":{"line":4,"column":null}},"3":{"start":{"line":10,"column":0},"end":{"line":10,"column":null}},"4":{"start":{"line":12,"column":20},"end":{"line":12,"column":37}},"5":{"start":{"line":13,"column":20},"end":{"line":13,"column":32}},"6":{"start":{"line":14,"column":20},"end":{"line":14,"column":42}},"7":{"start":{"line":15,"column":20},"end":{"line":15,"column":35}},"8":{"start":{"line":18,"column":2},"end":{"line":25,"column":null}},"9":{"start":{"line":19,"column":4},"end":{"line":24,"column":6}},"10":{"start":{"line":27,"column":2},"end":{"line":34,"column":null}},"11":{"start":{"line":28,"column":4},"end":{"line":33,"column":6}},"12":{"start":{"line":36,"column":2},"end":{"line":52,"column":null}},"13":{"start":{"line":37,"column":15},"end":{"line":41,"column":null}},"14":{"start":{"line":43,"column":20},"end":{"line":43,"column":26}},"15":{"start":{"line":44,"column":18},"end":{"line":49,"column":null}},"16":{"start":{"line":51,"column":4},"end":{"line":51,"column":23}},"17":{"start":{"line":54,"column":16},"end":{"line":68,"column":null}},"18":{"start":{"line":58,"column":15},"end":{"line":58,"column":72}},"19":{"start":{"line":59,"column":20},"end":{"line":59,"column":26}},"20":{"start":{"line":60,"column":18},"end":{"line":65,"column":null}},"21":{"start":{"line":67,"column":4},"end":{"line":67,"column":23}},"22":{"start":{"line":70,"column":16},"end":{"line":81,"column":null}},"23":{"start":{"line":75,"column":4},"end":{"line":75,"column":38}},"24":{"start":{"line":76,"column":14},"end":{"line":76,"column":22}},"25":{"start":{"line":77,"column":4},"end":{"line":79,"column":null}},"26":{"start":{"line":77,"column":24},"end":{"line":77,"column":30}},"27":{"start":{"line":77,"column":20},"end":{"line":77,"column":24}},"28":{"start":{"line":78,"column":6},"end":{"line":78,"column":34}},"29":{"start":{"line":80,"column":4},"end":{"line":80,"column":43}},"30":{"start":{"line":80,"column":34},"end":{"line":80,"column":42}},"31":{"start":{"line":83,"column":9},"end":{"line":91,"column":null}},"32":{"start":{"line":84,"column":4},"end":{"line":84,"column":37}},"33":{"start":{"line":85,"column":4},"end":{"line":90,"column":null}},"34":{"start":{"line":86,"column":23},"end":{"line":86,"column":47}},"35":{"start":{"line":87,"column":6},"end":{"line":87,"column":20}},"36":{"start":{"line":89,"column":6},"end":{"line":89,"column":44}},"37":{"start":{"line":92,"column":0},"end":{"line":92,"column":null}},"38":{"start":{"line":105,"column":9},"end":{"line":105,"column":20}},"39":{"start":{"line":95,"column":14},"end":{"line":95,"column":36}},"40":{"start":{"line":96,"column":13},"end":{"line":96,"column":68}},"41":{"start":{"line":97,"column":2},"end":{"line":102,"column":4}},"42":{"start":{"line":105,"column":22},"end":{"line":105,"column":46}}},"fnMap":{"0":{"name":"(anonymous_0)","decl":{"start":{"line":10,"column":0},"end":{"line":10,"column":null}},"loc":{"start":{"line":10,"column":0},"end":{"line":92,"column":null}}},"1":{"name":"UserAccount","decl":{"start":{"line":11,"column":2},"end":{"line":11,"column":null}},"loc":{"start":{"line":15,"column":35},"end":{"line":16,"column":6}}},"2":{"name":"(anonymous_2)","decl":{"start":{"line":18,"column":2},"end":{"line":18,"column":25}},"loc":{"start":{"line":18,"column":2},"end":{"line":25,"column":3}}},"3":{"name":"(anonymous_3)","decl":{"start":{"line":27,"column":2},"end":{"line":27,"column":13}},"loc":{"start":{"line":27,"column":48},"end":{"line":34,"column":3}}},"4":{"name":"(anonymous_4)","decl":{"start":{"line":36,"column":2},"end":{"line":36,"column":8}},"loc":{"start":{"line":36,"column":21},"end":{"line":52,"column":3}}},"5":{"name":"(anonymous_5)","decl":{"start":{"line":54,"column":2},"end":{"line":54,"column":16}},"loc":{"start":{"line":56,"column":16},"end":{"line":68,"column":3}}},"6":{"name":"(anonymous_6)","decl":{"start":{"line":70,"column":2},"end":{"line":70,"column":16}},"loc":{"start":{"line":73,"column":19},"end":{"line":81,"column":3}}},"7":{"name":"(anonymous_7)","decl":{"start":{"line":80,"column":27},"end":{"line":80,"column":28}},"loc":{"start":{"line":80,"column":29},"end":{"line":80,"column":41}}},"8":{"name":"(anonymous_8)","decl":{"start":{"line":83,"column":2},"end":{"line":83,"column":9}},"loc":{"start":{"line":83,"column":43},"end":{"line":91,"column":3}}},"9":{"name":"convertJSONToUserAccount","decl":{"start":{"line":94,"column":9},"end":{"line":94,"column":33}},"loc":{"start":{"line":94,"column":52},"end":{"line":103,"column":1}}}},"branchMap":{"0":{"loc":{"start":{"line":85,"column":4},"end":{"line":90,"column":null}},"type":"if","locations":[{"start":{"line":85,"column":4},"end":{"line":90,"column":null}},{"start":{"line":88,"column":11},"end":{"line":90,"column":null}}]}},"s":{"0":1,"1":1,"2":1,"3":1,"4":0,"5":0,"6":0,"7":0,"8":1,"9":0,"10":1,"11":0,"12":1,"13":0,"14":0,"15":0,"16":0,"17":1,"18":0,"19":0,"20":0,"21":0,"22":1,"23":0,"24":0,"25":0,"26":0,"27":0,"28":0,"29":0,"30":0,"31":1,"32":0,"33":0,"34":0,"35":0,"36":0,"37":1,"38":1,"39":0,"40":0,"41":0,"42":1},"f":{"0":1,"1":0,"2":0,"3":0,"4":0,"5":0,"6":0,"7":0,"8":0,"9":0},"b":{"0":[0,0]}}
}
