TN:
SF:src/internal/default-key-resolver.ts
FN:4,(anonymous_0)
FN:6,(anonymous_2)
FN:20,(anonymous_3)
FN:29,(anonymous_4)
FNF:4
FNH:1
FNDA:1,(anonymous_0)
FNDA:0,(anonymous_2)
FNDA:0,(anonymous_3)
FNDA:0,(anonymous_4)
DA:2,1
DA:4,1
DA:5,0
DA:6,1
DA:7,0
DA:8,0
DA:11,0
DA:12,0
DA:13,0
DA:14,0
DA:15,0
DA:17,0
DA:20,1
DA:21,0
DA:22,0
DA:24,0
DA:25,0
DA:26,0
DA:29,1
DA:30,0
DA:32,1
DA:34,1
LF:22
LH:7
BRDA:7,0,0,0
BRDA:7,1,0,0
BRDA:7,1,1,0
BRDA:21,2,0,0
BRDA:21,3,0,0
BRDA:21,3,1,0
BRF:6
BRH:0
end_of_record
TN:
SF:src/internal/default-serializer.ts
FN:9,(anonymous_0)
FN:15,(anonymous_2)
FN:20,(anonymous_3)
FN:29,(anonymous_4)
FN:34,(anonymous_6)
FN:39,(anonymous_7)
FNF:6
FNH:2
FNDA:1,(anonymous_0)
FNDA:0,(anonymous_2)
FNDA:0,(anonymous_3)
FNDA:1,(anonymous_4)
FNDA:0,(anonymous_6)
FNDA:0,(anonymous_7)
DA:9,1
DA:12,0
DA:13,0
DA:15,1
DA:16,0
DA:17,0
DA:20,1
DA:21,0
DA:25,0
DA:27,1
DA:29,1
DA:32,0
DA:33,0
DA:34,1
DA:35,0
DA:36,0
DA:39,1
DA:40,0
DA:44,0
DA:46,1
DA:48,1
LF:21
LH:9
BRF:0
BRH:0
end_of_record
TN:
SF:src/internal/event-store-for-dynamodb.ts
FN:28,(anonymous_15)
FN:35,EventStoreForDynamoDB
FN:59,(anonymous_17)
FN:82,(anonymous_20)
FN:93,(anonymous_21)
FN:132,(anonymous_24)
FN:145,(anonymous_27)
FN:173,(anonymous_30)
FN:189,(anonymous_31)
FN:207,(anonymous_32)
FN:223,(anonymous_33)
FN:239,(anonymous_34)
FN:257,(anonymous_35)
FN:274,(anonymous_38)
FN:295,(anonymous_41)
FN:320,(anonymous_42)
FN:349,(anonymous_43)
FNF:17
FNH:1
FNDA:1,(anonymous_15)
FNDA:0,EventStoreForDynamoDB
FNDA:0,(anonymous_17)
FNDA:0,(anonymous_20)
FNDA:0,(anonymous_21)
FNDA:0,(anonymous_24)
FNDA:0,(anonymous_27)
FNDA:0,(anonymous_30)
FNDA:0,(anonymous_31)
FNDA:0,(anonymous_32)
FNDA:0,(anonymous_33)
FNDA:0,(anonymous_34)
FNDA:0,(anonymous_35)
FNDA:0,(anonymous_38)
FNDA:0,(anonymous_41)
FNDA:0,(anonymous_42)
FNDA:0,(anonymous_43)
DA:10,1
DA:20,1
DA:21,1
DA:25,1
DA:28,1
DA:36,0
DA:37,0
DA:38,0
DA:39,0
DA:40,0
DA:41,0
DA:42,0
DA:43,0
DA:44,0
DA:45,0
DA:49,0
DA:54,0
DA:59,1
DA:64,0
DA:77,0
DA:78,0
DA:79,0
DA:81,0
DA:83,0
DA:84,0
DA:85,0
DA:87,0
DA:93,1
DA:97,0
DA:111,0
DA:114,0
DA:115,0
DA:117,0
DA:118,0
DA:119,0
DA:120,0
DA:122,0
DA:123,0
DA:124,0
DA:126,0
DA:127,0
DA:128,0
DA:132,1
DA:133,0
DA:136,0
DA:137,0
DA:139,0
DA:140,0
DA:145,1
DA:146,0
DA:151,0
DA:152,0
DA:153,0
DA:159,0
DA:160,0
DA:165,0
DA:173,1
DA:174,0
DA:189,1
DA:192,0
DA:207,1
DA:208,0
DA:223,1
DA:224,0
DA:239,1
DA:242,0
DA:257,1
DA:258,0
DA:259,0
DA:260,0
DA:268,0
DA:271,0
DA:274,1
DA:279,0
DA:280,0
DA:281,0
DA:289,0
DA:292,0
DA:295,1
DA:296,0
DA:300,0
DA:304,0
DA:305,0
DA:320,1
DA:321,0
DA:325,0
DA:329,0
DA:330,0
DA:349,1
DA:355,0
DA:359,0
DA:363,0
DA:367,0
DA:371,0
DA:379,0
DA:380,0
DA:389,0
DA:390,0
DA:392,0
DA:393,0
DA:410,0
DA:411,0
DA:414,1
DA:416,1
LF:104
LH:21
BRDA:42,0,0,0
BRDA:43,1,0,0
BRDA:44,2,0,0
BRDA:45,3,0,0
BRDA:49,4,0,0
BRDA:55,5,0,0
BRDA:55,5,1,0
BRDA:55,6,0,0
BRDA:55,6,1,0
BRDA:78,7,0,0
BRDA:78,7,1,0
BRDA:84,8,0,0
BRDA:114,9,0,0
BRDA:114,9,1,0
BRDA:114,10,0,0
BRDA:114,10,1,0
BRDA:119,11,0,0
BRDA:123,12,0,0
BRDA:136,13,0,0
BRDA:151,14,0,0
BRDA:379,15,0,0
BRDA:379,15,1,0
BRF:22
BRH:0
end_of_record
TN:
SF:src/internal/logger-factory.ts
FN:3,(anonymous_0)
FN:4,(anonymous_2)
FNF:2
FNH:1
FNDA:1,(anonymous_0)
FNDA:0,(anonymous_2)
DA:1,1
DA:3,1
DA:4,1
DA:5,0
DA:20,0
DA:22,0
DA:23,0
DA:29,0
DA:31,1
LF:9
LH:4
BRDA:4,0,0,0
BRDA:20,1,0,0
BRF:2
BRH:0
end_of_record
TN:
SF:src/internal/test/dynamodb-utils.ts
FN:8,createDynamoDBClient
FN:24,createJournalTable
FN:90,createSnapshotTable
FNF:3
FNH:0
FNDA:0,createDynamoDBClient
FNDA:0,createJournalTable
FNDA:0,createSnapshotTable
DA:1,1
DA:9,0
DA:10,0
DA:12,0
DA:21,0
DA:29,0
DA:87,0
DA:95,0
DA:153,0
DA:156,1
LF:10
LH:2
BRF:0
BRH:0
end_of_record
TN:
SF:src/internal/test/user-account-event.ts
FN:6,convertJSONtoUserAccountEvent
FN:34,(anonymous_1)
FN:37,UserAccountCreated
FN:46,(anonymous_3)
FN:48,UserAccountRenamed
FNF:5
FNH:2
FNDA:0,convertJSONtoUserAccountEvent
FNDA:1,(anonymous_1)
FNDA:0,UserAccountCreated
FNDA:1,(anonymous_3)
FNDA:0,UserAccountRenamed
DA:2,1
DA:7,0
DA:8,0
DA:9,0
DA:12,0
DA:14,0
DA:22,0
DA:30,0
DA:34,1
DA:35,0
DA:38,0
DA:39,0
DA:40,0
DA:41,0
DA:42,0
DA:44,1
DA:46,1
DA:47,0
DA:49,0
DA:50,0
DA:51,0
DA:52,0
DA:53,0
DA:55,1
DA:59,1
DA:60,1
DA:61,1
LF:27
LH:8
BRDA:12,0,0,0
BRDA:12,0,1,0
BRDA:12,0,2,0
BRF:3
BRH:0
end_of_record
TN:
SF:src/internal/test/user-account-id.ts
FN:3,(anonymous_0)
FN:5,UserAccountId
FN:7,(anonymous_2)
FN:12,convertJSONToUserAccountId
FNF:4
FNH:1
FNDA:1,(anonymous_0)
FNDA:0,UserAccountId
FNDA:0,(anonymous_2)
FNDA:0,convertJSONToUserAccountId
DA:3,1
DA:4,0
DA:5,0
DA:7,1
DA:8,0
DA:10,1
DA:13,0
DA:14,0
DA:17,1
LF:9
LH:4
BRF:0
BRH:0
end_of_record
TN:
SF:src/internal/test/user-account.ts
FN:10,(anonymous_0)
FN:11,UserAccount
FN:18,(anonymous_2)
FN:27,(anonymous_3)
FN:36,(anonymous_4)
FN:54,(anonymous_5)
FN:70,(anonymous_6)
FN:80,(anonymous_7)
FN:83,(anonymous_8)
FN:94,convertJSONToUserAccount
FNF:10
FNH:1
FNDA:1,(anonymous_0)
FNDA:0,UserAccount
FNDA:0,(anonymous_2)
FNDA:0,(anonymous_3)
FNDA:0,(anonymous_4)
FNDA:0,(anonymous_5)
FNDA:0,(anonymous_6)
FNDA:0,(anonymous_7)
FNDA:0,(anonymous_8)
FNDA:0,convertJSONToUserAccount
DA:2,1
DA:3,1
DA:4,1
DA:10,1
DA:12,0
DA:13,0
DA:14,0
DA:15,0
DA:18,1
DA:19,0
DA:27,1
DA:28,0
DA:36,1
DA:37,0
DA:43,0
DA:44,0
DA:51,0
DA:54,1
DA:58,0
DA:59,0
DA:60,0
DA:67,0
DA:70,1
DA:75,0
DA:76,0
DA:77,0
DA:78,0
DA:80,0
DA:83,1
DA:84,0
DA:85,0
DA:86,0
DA:87,0
DA:89,0
DA:92,1
DA:95,0
DA:96,0
DA:97,0
DA:105,1
LF:39
LH:12
BRDA:85,0,0,0
BRDA:85,0,1,0
BRF:2
BRH:0
end_of_record
